{"/Users/cgross/code/grunt-lib-istanbul/lib/istanbul.js":{"path":"/Users/cgross/code/grunt-lib-istanbul/lib/istanbul.js","s":{"1":1,"2":1,"3":1,"4":1,"5":1,"6":1,"7":0,"8":0,"9":0,"10":0,"11":0,"12":0,"13":0,"14":0,"15":0,"16":0,"17":0,"18":0,"19":0,"20":0,"21":0,"22":0,"23":1,"24":0,"25":0,"26":0,"27":0,"28":0,"29":0,"30":0,"31":0,"32":0,"33":1,"34":0,"35":0,"36":0},"b":{"1":[0,0],"2":[0,0,0],"3":[0,0],"4":[0,0],"5":[0,0],"6":[0,0],"7":[0,0],"8":[0,0]},"f":{"1":0,"2":0,"3":0,"4":0},"fnMap":{"1":{"name":"(anonymous_1)","line":12,"loc":{"start":{"line":12,"column":21},"end":{"line":12,"column":47}}},"2":{"name":"(anonymous_2)","line":29,"loc":{"start":{"line":29,"column":21},"end":{"line":29,"column":35}}},"3":{"name":"(anonymous_3)","line":43,"loc":{"start":{"line":43,"column":22},"end":{"line":43,"column":53}}},"4":{"name":"(anonymous_4)","line":59,"loc":{"start":{"line":59,"column":18},"end":{"line":59,"column":28}}}},"statementMap":{"1":{"start":{"line":6,"column":0},"end":{"line":6,"column":35}},"2":{"start":{"line":7,"column":0},"end":{"line":7,"column":27}},"3":{"start":{"line":8,"column":0},"end":{"line":8,"column":23}},"4":{"start":{"line":9,"column":0},"end":{"line":9,"column":23}},"5":{"start":{"line":10,"column":0},"end":{"line":10,"column":31}},"6":{"start":{"line":12,"column":0},"end":{"line":41,"column":2}},"7":{"start":{"line":13,"column":4},"end":{"line":17,"column":5}},"8":{"start":{"line":14,"column":8},"end":{"line":14,"column":48}},"9":{"start":{"line":16,"column":8},"end":{"line":16,"column":28}},"10":{"start":{"line":20,"column":4},"end":{"line":20,"column":58}},"11":{"start":{"line":21,"column":4},"end":{"line":21,"column":14}},"12":{"start":{"line":22,"column":4},"end":{"line":22,"column":30}},"13":{"start":{"line":24,"column":4},"end":{"line":24,"column":61}},"14":{"start":{"line":25,"column":4},"end":{"line":27,"column":5}},"15":{"start":{"line":26,"column":8},"end":{"line":26,"column":29}},"16":{"start":{"line":29,"column":4},"end":{"line":38,"column":7}},"17":{"start":{"line":31,"column":8},"end":{"line":31,"column":84}},"18":{"start":{"line":32,"column":8},"end":{"line":32,"column":71}},"19":{"start":{"line":34,"column":8},"end":{"line":34,"column":67}},"20":{"start":{"line":35,"column":8},"end":{"line":35,"column":53}},"21":{"start":{"line":37,"column":8},"end":{"line":37,"column":40}},"22":{"start":{"line":40,"column":4},"end":{"line":40,"column":28}},"23":{"start":{"line":43,"column":0},"end":{"line":57,"column":2}},"24":{"start":{"line":44,"column":4},"end":{"line":48,"column":5}},"25":{"start":{"line":45,"column":8},"end":{"line":45,"column":35}},"26":{"start":{"line":47,"column":8},"end":{"line":47,"column":21}},"27":{"start":{"line":50,"column":4},"end":{"line":50,"column":86}},"28":{"start":{"line":51,"column":4},"end":{"line":51,"column":74}},"29":{"start":{"line":53,"column":4},"end":{"line":53,"column":45}},"30":{"start":{"line":54,"column":4},"end":{"line":54,"column":32}},"31":{"start":{"line":55,"column":4},"end":{"line":55,"column":63}},"32":{"start":{"line":56,"column":4},"end":{"line":56,"column":42}},"33":{"start":{"line":59,"column":0},"end":{"line":64,"column":2}},"34":{"start":{"line":60,"column":4},"end":{"line":60,"column":61}},"35":{"start":{"line":61,"column":4},"end":{"line":63,"column":5}},"36":{"start":{"line":62,"column":8},"end":{"line":62,"column":28}}},"branchMap":{"1":{"line":13,"type":"if","locations":[{"start":{"line":13,"column":4},"end":{"line":13,"column":4}},{"start":{"line":13,"column":4},"end":{"line":13,"column":4}}]},"2":{"line":13,"type":"binary-expr","locations":[{"start":{"line":13,"column":8},"end":{"line":13,"column":15}},{"start":{"line":13,"column":19},"end":{"line":13,"column":35}},{"start":{"line":13,"column":39},"end":{"line":13,"column":68}}]},"3":{"line":25,"type":"if","locations":[{"start":{"line":25,"column":4},"end":{"line":25,"column":4}},{"start":{"line":25,"column":4},"end":{"line":25,"column":4}}]},"4":{"line":44,"type":"if","locations":[{"start":{"line":44,"column":4},"end":{"line":44,"column":4}},{"start":{"line":44,"column":4},"end":{"line":44,"column":4}}]},"5":{"line":44,"type":"binary-expr","locations":[{"start":{"line":44,"column":8},"end":{"line":44,"column":15}},{"start":{"line":44,"column":19},"end":{"line":44,"column":35}}]},"6":{"line":50,"type":"cond-expr","locations":[{"start":{"line":50,"column":53},"end":{"line":50,"column":67}},{"start":{"line":50,"column":70},"end":{"line":50,"column":84}}]},"7":{"line":51,"type":"cond-expr","locations":[{"start":{"line":51,"column":42},"end":{"line":51,"column":59}},{"start":{"line":51,"column":62},"end":{"line":51,"column":72}}]},"8":{"line":61,"type":"if","locations":[{"start":{"line":61,"column":4},"end":{"line":61,"column":4}},{"start":{"line":61,"column":4},"end":{"line":61,"column":4}}]}}}}